<?xml version="1.0" encoding="UTF-8"?>
<testsuite name="WordCounterTest" tests="1" skipped="0" failures="0" errors="0" timestamp="2017-06-02T02:14:13" hostname="Byrons-MBP.domain" time="0.001">
  <properties/>
  <testcase name="runWordCounter_takeInString_String" classname="WordCounterTest" time="0.001"/>
  <system-out><![CDATA[]]></system-out>
  <system-err><![CDATA[]]></system-err>
</testsuite>
